<?xml version="1.0" encoding="UTF-8"?>
<!-- Generated by org.testng.reporters.JUnitReportReporter -->
<testsuite hostname="DESKTOP-U5M0LT4" failures="0" tests="2" name="tests.Sikuli_YouTube" time="10.838" errors="0" timestamp="2022-10-28T11:40:49 IST" skipped="0">
  <testcase classname="tests.Sikuli_YouTube" name="Test01" time="4.789"/>
  <system-out/>
  <testcase classname="tests.Sikuli_YouTube" name="Test02" time="6.049"/>
  <system-out/>
</testsuite> <!-- tests.Sikuli_YouTube -->
